0 info it worked if it ends with ok
1 verbose cli [ '/usr/local/bin/node',
1 verbose cli   '/usr/local/bin/npm',
1 verbose cli   'install',
1 verbose cli   '-g',
1 verbose cli   'tmux' ]
2 info using npm@1.4.28
3 info using node@v0.10.35
4 verbose cache add [ 'tmux', null ]
5 verbose cache add name=undefined spec="tmux" args=["tmux",null]
6 verbose parsed url { protocol: null,
6 verbose parsed url   slashes: null,
6 verbose parsed url   auth: null,
6 verbose parsed url   host: null,
6 verbose parsed url   port: null,
6 verbose parsed url   hostname: null,
6 verbose parsed url   hash: null,
6 verbose parsed url   search: null,
6 verbose parsed url   query: null,
6 verbose parsed url   pathname: 'tmux',
6 verbose parsed url   path: 'tmux',
6 verbose parsed url   href: 'tmux' }
7 silly lockFile e32b8e1b-tmux tmux
8 verbose lock tmux /home/sevenbits/.npm/e32b8e1b-tmux.lock
9 silly lockFile e32b8e1b-tmux tmux
10 silly lockFile e32b8e1b-tmux tmux
11 verbose addNamed [ 'tmux', '' ]
12 verbose addNamed [ null, '*' ]
13 silly lockFile ccc1ca0f-tmux tmux@
14 verbose lock tmux@ /home/sevenbits/.npm/ccc1ca0f-tmux.lock
15 silly addNameRange { name: 'tmux', range: '*', hasData: false }
16 verbose request where is /tmux
17 verbose request registry https://registry.npmjs.org/
18 verbose request id fc72988fab78ced6
19 verbose url raw /tmux
20 verbose url resolving [ 'https://registry.npmjs.org/', './tmux' ]
21 verbose url resolved https://registry.npmjs.org/tmux
22 verbose request where is https://registry.npmjs.org/tmux
23 info trying registry request attempt 1 at 12:38:10
24 http GET https://registry.npmjs.org/tmux
25 http 200 https://registry.npmjs.org/tmux
26 silly registry.get cb [ 200,
26 silly registry.get   { server: 'CouchDB/1.5.0 (Erlang OTP/R16B03)',
26 silly registry.get     etag: '"EP1W5YSTMLTG5T9QPXAPS19OJ"',
26 silly registry.get     'content-type': 'application/json',
26 silly registry.get     'content-encoding': 'gzip',
26 silly registry.get     'cache-control': 'max-age=300',
26 silly registry.get     'content-length': '2802',
26 silly registry.get     'accept-ranges': 'bytes',
26 silly registry.get     date: 'Thu, 02 Jun 2016 06:41:14 GMT',
26 silly registry.get     via: '1.1 varnish',
26 silly registry.get     age: '0',
26 silly registry.get     connection: 'keep-alive',
26 silly registry.get     'x-served-by': 'cache-fra1232-FRA',
26 silly registry.get     'x-cache': 'MISS',
26 silly registry.get     'x-cache-hits': '0',
26 silly registry.get     'x-timer': 'S1464849674.216566,VS0,VE441',
26 silly registry.get     vary: 'Accept-Encoding' } ]
27 silly addNameRange number 2 { name: 'tmux', range: '*', hasData: true }
28 silly addNameRange versions [ 'tmux',
28 silly addNameRange   [ '0.0.1',
28 silly addNameRange     '0.0.2',
28 silly addNameRange     '0.0.3',
28 silly addNameRange     '0.0.4',
28 silly addNameRange     '0.0.5',
28 silly addNameRange     '0.1.0',
28 silly addNameRange     '0.1.1',
28 silly addNameRange     '0.1.2',
28 silly addNameRange     '0.1.3' ] ]
29 verbose addNamed [ 'tmux', '0.1.3' ]
30 verbose addNamed [ '0.1.3', '0.1.3' ]
31 silly lockFile f5f39081-tmux-0-1-3 tmux@0.1.3
32 verbose lock tmux@0.1.3 /home/sevenbits/.npm/f5f39081-tmux-0-1-3.lock
33 silly lockFile 8eeb5477-ry-npmjs-org-tmux-tmux-0-1-3-tgz https://registry.npmjs.org/tmux/-/tmux-0.1.3.tgz
34 verbose lock https://registry.npmjs.org/tmux/-/tmux-0.1.3.tgz /home/sevenbits/.npm/8eeb5477-ry-npmjs-org-tmux-tmux-0-1-3-tgz.lock
35 verbose addRemoteTarball [ 'https://registry.npmjs.org/tmux/-/tmux-0.1.3.tgz',
35 verbose addRemoteTarball   '51bc26df4d222c0877b93765572025a72645865f' ]
36 info retry fetch attempt 1 at 12:38:11
37 verbose fetch to= /tmp/npm-7609-DKXGQLYF/registry.npmjs.org/tmux/-/tmux-0.1.3.tgz
38 http GET https://registry.npmjs.org/tmux/-/tmux-0.1.3.tgz
39 http 200 https://registry.npmjs.org/tmux/-/tmux-0.1.3.tgz
40 silly lockFile 8eeb5477-ry-npmjs-org-tmux-tmux-0-1-3-tgz https://registry.npmjs.org/tmux/-/tmux-0.1.3.tgz
41 silly lockFile 8eeb5477-ry-npmjs-org-tmux-tmux-0-1-3-tgz https://registry.npmjs.org/tmux/-/tmux-0.1.3.tgz
42 silly lockFile f5f39081-tmux-0-1-3 tmux@0.1.3
43 silly lockFile f5f39081-tmux-0-1-3 tmux@0.1.3
44 silly lockFile ccc1ca0f-tmux tmux@
45 silly lockFile ccc1ca0f-tmux tmux@
46 silly resolved [ { name: 'tmux',
46 silly resolved     version: '0.1.3',
46 silly resolved     description: 'An easy way to manage tmux sessions.',
46 silly resolved     author: { name: 'Piotr Yordanov', email: 'piotr.yordanov@gmail.com' },
46 silly resolved     repository:
46 silly resolved      { type: 'git',
46 silly resolved        url: 'https://github.com/tUrG0n/tmux-session-manager.git' },
46 silly resolved     dependencies: { commander: '1.0.x' },
46 silly resolved     bin: { mux: './bin/mux' },
46 silly resolved     engines: { node: '>= 0.8.0' },
46 silly resolved     keywords: [ 'tmux' ],
46 silly resolved     license: 'MIT',
46 silly resolved     readme: '# Tmux Session Manager\n\n\nTmux Session Manager is a command-line tool that allow you to easily create/switch/delete tmux sessions.\n\n# What it is!\n\nIt is meant to allow you to quickly:\n  - create and name sessions\n  - switch to already existing sessions\n  - delete sessions\n  - list all sessions\n\n# What it is Not!\n\nIt is not meant to allow you pre-define a new sessions\'s windows and panes.\n\nIf that\'s what you want, check out [tmuxifier](https://github.com/jimeh/tmuxifier), [tmuxinator](https://github.com/aziz/tmuxinator) or [teamcoil](https://github.com/remiprev/teamocil).\n\n## Installation\n\nYou need to have [node](https://github.com/joyent/node/wiki/Installation) installed on your platform. \n\nThen simply run:\n\n    npm install -g tmux\n\n## Usage\n\n#### List all session\n\nList all available tmux sessions\n\n    mux ls\n\n---- \n\n#### Create new session\n\nCreate a session with the name ``life``\n\n    mux n life\n\n---- \n\n#### Rename session\n\nRename the current session to ``life``\n\n    mux r life\n\n---- \n\n#### Switch to session\n\nSwitch to session with the name ``life``\n\n    mux s life\n\n---- \n\n#### Delete to session\n\nDelete the session with the name ``life``\n\n    mux d life\n\n## License\n\n(The MIT License)\n\nCopyright (c) 2012 Piotr Yordanov &lt;piotr.yordanov@gmail.com&gt;\n\nPermission is hereby granted, free of charge, to any person obtaining\na copy of this software and associated documentation files (the\n\'Software\'), to deal in the Software without restriction, including\nwithout limitation the rights to use, copy, modify, merge, publish,\ndistribute, sublicense, and/or sell copies of the Software, and to\npermit persons to whom the Software is furnished to do so, subject to\nthe following conditions:\n\nThe above copyright notice and this permission notice shall be\nincluded in all copies or substantial portions of the Software.\n\nTHE SOFTWARE IS PROVIDED \'AS IS\', WITHOUT WARRANTY OF ANY KIND,\nEXPRESS OR IMPLIED, INCLUDING BUT NOT LIMITED TO THE WARRANTIES OF\nMERCHANTABILITY, FITNESS FOR A PARTICULAR PURPOSE AND NONINFRINGEMENT.\nIN NO EVENT SHALL THE AUTHORS OR COPYRIGHT HOLDERS BE LIABLE FOR ANY\nCLAIM, DAMAGES OR OTHER LIABILITY, WHETHER IN AN ACTION OF CONTRACT,\nTORT OR OTHERWISE, ARISING FROM, OUT OF OR IN CONNECTION WITH THE\nSOFTWARE OR THE USE OR OTHER DEALINGS IN THE SOFTWARE.\n',
46 silly resolved     _id: 'tmux@0.1.3',
46 silly resolved     dist:
46 silly resolved      { shasum: '51bc26df4d222c0877b93765572025a72645865f',
46 silly resolved        tarball: 'https://registry.npmjs.org/tmux/-/tmux-0.1.3.tgz' },
46 silly resolved     _npmVersion: '1.1.63',
46 silly resolved     _npmUser: { name: 'turgon', email: 'piotr.yordanov@gmail.com' },
46 silly resolved     maintainers: [ [Object] ],
46 silly resolved     directories: {},
46 silly resolved     _shasum: '51bc26df4d222c0877b93765572025a72645865f',
46 silly resolved     _from: 'tmux@',
46 silly resolved     _resolved: 'https://registry.npmjs.org/tmux/-/tmux-0.1.3.tgz' } ]
47 info install tmux@0.1.3 into /usr/local/lib
48 info installOne tmux@0.1.3
49 verbose lib/node_modules/tmux unbuild
50 verbose tar unpack /home/sevenbits/.npm/tmux/0.1.3/package.tgz
51 silly lockFile 002140b9--usr-local-lib-node-modules-tmux tar:///usr/local/lib/node_modules/tmux
52 verbose lock tar:///usr/local/lib/node_modules/tmux /home/sevenbits/.npm/002140b9--usr-local-lib-node-modules-tmux.lock
53 silly lockFile cd9b95ad-nbits-npm-tmux-0-1-3-package-tgz tar:///home/sevenbits/.npm/tmux/0.1.3/package.tgz
54 verbose lock tar:///home/sevenbits/.npm/tmux/0.1.3/package.tgz /home/sevenbits/.npm/cd9b95ad-nbits-npm-tmux-0-1-3-package-tgz.lock
55 silly gunzTarPerm modes [ '775', '664' ]
56 error Error: EACCES, mkdir '/usr/local/lib/node_modules/tmux'
56 error  { [Error: EACCES, mkdir '/usr/local/lib/node_modules/tmux']
56 error   errno: 3,
56 error   code: 'EACCES',
56 error   path: '/usr/local/lib/node_modules/tmux',
56 error   fstream_type: 'Directory',
56 error   fstream_path: '/usr/local/lib/node_modules/tmux',
56 error   fstream_class: 'DirWriter',
56 error   fstream_stack:
56 error    [ '/usr/local/lib/node_modules/npm/node_modules/fstream/lib/dir-writer.js:36:23',
56 error      '/usr/local/lib/node_modules/npm/node_modules/mkdirp/index.js:46:53',
56 error      'Object.oncomplete (fs.js:108:15)' ] }
57 error Please try running this command again as root/Administrator.
58 error System Linux 3.13.0-40-generic
59 error command "/usr/local/bin/node" "/usr/local/bin/npm" "install" "-g" "tmux"
60 error cwd /home/sevenbits/Projects/University/Cryptography
61 error node -v v0.10.35
62 error npm -v 1.4.28
63 error path /usr/local/lib/node_modules/tmux
64 error fstream_path /usr/local/lib/node_modules/tmux
65 error fstream_type Directory
66 error fstream_class DirWriter
67 error code EACCES
68 error errno 3
69 error stack Error: EACCES, mkdir '/usr/local/lib/node_modules/tmux'
70 error fstream_stack /usr/local/lib/node_modules/npm/node_modules/fstream/lib/dir-writer.js:36:23
70 error fstream_stack /usr/local/lib/node_modules/npm/node_modules/mkdirp/index.js:46:53
70 error fstream_stack Object.oncomplete (fs.js:108:15)
71 verbose exit [ 3, true ]
